<?xml version="1.0" encoding="UTF-8"?>
<testsuite xmlns:xsi="http://www.w3.org/2001/XMLSchema-instance" xsi:noNamespaceSchemaLocation="https://maven.apache.org/surefire/maven-surefire-plugin/xsd/surefire-test-report.xsd" name="com.zjt.AppTest" time="0.035" tests="1" errors="0" skipped="0" failures="0">
  <properties>
    <property name="sun.desktop" value="gnome"/>
    <property name="awt.toolkit" value="sun.awt.X11.XToolkit"/>
    <property name="file.encoding.pkg" value="sun.io"/>
    <property name="java.specification.version" value="1.8"/>
    <property name="sun.cpu.isalist" value=""/>
    <property name="sun.jnu.encoding" value="UTF-8"/>
    <property name="java.class.path" value="/home/zjt/Workspace/Java服务器/moment/target/test-classes:/home/zjt/Workspace/Java服务器/moment/target/classes:/home/zjt/.m2/repository/junit/junit/4.11/junit-4.11.jar:/home/zjt/.m2/repository/org/hamcrest/hamcrest-core/1.3/hamcrest-core-1.3.jar:"/>
    <property name="java.vm.vendor" value="Oracle Corporation"/>
    <property name="sun.arch.data.model" value="64"/>
    <property name="java.vendor.url" value="http://java.oracle.com/"/>
    <property name="user.timezone" value=""/>
    <property name="java.vm.specification.version" value="1.8"/>
    <property name="os.name" value="Linux"/>
    <property name="user.country" value="CN"/>
    <property name="sun.java.launcher" value="SUN_STANDARD"/>
    <property name="sun.boot.library.path" value="/usr/local/jdk/jre/lib/amd64"/>
    <property name="sun.java.command" value="/home/zjt/Workspace/Java服务器/moment/target/surefire/surefirebooter1281478647912580973.jar /home/zjt/Workspace/Java服务器/moment/target/surefire 2018-06-02T16-16-03_851-jvmRun1 surefire9077432352106812808tmp surefire_01587439643055388819tmp"/>
    <property name="surefire.test.class.path" value="/home/zjt/Workspace/Java服务器/moment/target/test-classes:/home/zjt/Workspace/Java服务器/moment/target/classes:/home/zjt/.m2/repository/junit/junit/4.11/junit-4.11.jar:/home/zjt/.m2/repository/org/hamcrest/hamcrest-core/1.3/hamcrest-core-1.3.jar:"/>
    <property name="sun.cpu.endian" value="little"/>
    <property name="user.home" value="/home/zjt"/>
    <property name="user.language" value="zh"/>
    <property name="java.specification.vendor" value="Oracle Corporation"/>
    <property name="java.home" value="/usr/local/jdk/jre"/>
    <property name="basedir" value="/home/zjt/Workspace/Java服务器/moment"/>
    <property name="file.separator" value="/"/>
    <property name="line.separator" value="&#10;"/>
    <property name="java.vm.specification.vendor" value="Oracle Corporation"/>
    <property name="java.specification.name" value="Java Platform API Specification"/>
    <property name="java.awt.graphicsenv" value="sun.awt.X11GraphicsEnvironment"/>
    <property name="surefire.real.class.path" value="/home/zjt/Workspace/Java服务器/moment/target/surefire/surefirebooter1281478647912580973.jar"/>
    <property name="awt.useSystemAAFontSettings" value="gasp"/>
    <property name="sun.boot.class.path" value="/usr/local/jdk/jre/lib/resources.jar:/usr/local/jdk/jre/lib/rt.jar:/usr/local/jdk/jre/lib/sunrsasign.jar:/usr/local/jdk/jre/lib/jsse.jar:/usr/local/jdk/jre/lib/jce.jar:/usr/local/jdk/jre/lib/charsets.jar:/usr/local/jdk/jre/lib/jfr.jar:/usr/local/jdk/jre/classes"/>
    <property name="sun.management.compiler" value="HotSpot 64-Bit Tiered Compilers"/>
    <property name="java.runtime.version" value="1.8.0_171-b11"/>
    <property name="user.name" value="zjt"/>
    <property name="path.separator" value=":"/>
    <property name="os.version" value="4.9.0-deepin13-amd64"/>
    <property name="java.endorsed.dirs" value="/usr/local/jdk/jre/lib/endorsed"/>
    <property name="java.runtime.name" value="Java(TM) SE Runtime Environment"/>
    <property name="file.encoding" value="UTF-8"/>
    <property name="java.vm.name" value="Java HotSpot(TM) 64-Bit Server VM"/>
    <property name="localRepository" value="/home/zjt/.m2/repository"/>
    <property name="java.vendor.url.bug" value="http://bugreport.sun.com/bugreport/"/>
    <property name="java.io.tmpdir" value="/tmp"/>
    <property name="java.version" value="1.8.0_171"/>
    <property name="user.dir" value="/home/zjt/Workspace/Java服务器/moment"/>
    <property name="os.arch" value="amd64"/>
    <property name="java.vm.specification.name" value="Java Virtual Machine Specification"/>
    <property name="java.awt.printerjob" value="sun.print.PSPrinterJob"/>
    <property name="sun.os.patch.level" value="unknown"/>
    <property name="java.library.path" value="/usr/java/packages/lib/amd64:/usr/lib64:/lib64:/lib:/usr/lib"/>
    <property name="java.vm.info" value="mixed mode"/>
    <property name="java.vendor" value="Oracle Corporation"/>
    <property name="java.vm.version" value="25.171-b11"/>
    <property name="java.ext.dirs" value="/usr/local/jdk/jre/lib/ext:/usr/java/packages/lib/ext"/>
    <property name="sun.io.unicode.encoding" value="UnicodeLittle"/>
    <property name="java.class.version" value="52.0"/>
  </properties>
  <testcase name="shouldAnswerWithTrue" classname="com.zjt.AppTest" time="0.003"/>
</testsuite>